{"/home/robd/dev/sabubot/index.js": {"path":"/home/robd/dev/sabubot/index.js","statementMap":{"0":{"start":{"line":1,"column":17},"end":{"line":1,"column":43}},"1":{"start":{"line":2,"column":16},"end":{"line":2,"column":40}},"2":{"start":{"line":3,"column":17},"end":{"line":3,"column":42}},"3":{"start":{"line":4,"column":14},"end":{"line":4,"column":36}},"4":{"start":{"line":5,"column":15},"end":{"line":5,"column":38}},"5":{"start":{"line":6,"column":21},"end":{"line":6,"column":45}},"6":{"start":{"line":12,"column":0},"end":{"line":66,"column":1}},"7":{"start":{"line":14,"column":2},"end":{"line":14,"column":39}},"8":{"start":{"line":16,"column":2},"end":{"line":20,"column":4}},"9":{"start":{"line":17,"column":18},"end":{"line":17,"column":52}},"10":{"start":{"line":19,"column":4},"end":{"line":19,"column":22}},"11":{"start":{"line":22,"column":2},"end":{"line":26,"column":4}},"12":{"start":{"line":23,"column":19},"end":{"line":23,"column":54}},"13":{"start":{"line":25,"column":4},"end":{"line":25,"column":23}},"14":{"start":{"line":32,"column":2},"end":{"line":32,"column":40}},"15":{"start":{"line":33,"column":2},"end":{"line":33,"column":40}},"16":{"start":{"line":34,"column":2},"end":{"line":34,"column":47}},"17":{"start":{"line":51,"column":20},"end":{"line":51,"column":47}},"18":{"start":{"line":52,"column":21},"end":{"line":52,"column":53}},"19":{"start":{"line":54,"column":4},"end":{"line":54,"column":24}},"20":{"start":{"line":56,"column":4},"end":{"line":56,"column":25}},"21":{"start":{"line":58,"column":4},"end":{"line":58,"column":25}},"22":{"start":{"line":60,"column":4},"end":{"line":60,"column":27}},"23":{"start":{"line":64,"column":4},"end":{"line":64,"column":30}}},"fnMap":{"0":{"name":"(anonymous_0)","decl":{"start":{"line":12,"column":17},"end":{"line":12,"column":18}},"loc":{"start":{"line":12,"column":26},"end":{"line":66,"column":1}},"line":12},"1":{"name":"(anonymous_1)","decl":{"start":{"line":16,"column":26},"end":{"line":16,"column":27}},"loc":{"start":{"line":16,"column":54},"end":{"line":20,"column":3}},"line":16},"2":{"name":"(anonymous_2)","decl":{"start":{"line":22,"column":27},"end":{"line":22,"column":28}},"loc":{"start":{"line":22,"column":55},"end":{"line":26,"column":3}},"line":22},"3":{"name":"issueOpened","decl":{"start":{"line":50,"column":17},"end":{"line":50,"column":28}},"loc":{"start":{"line":50,"column":39},"end":{"line":61,"column":3}},"line":50},"4":{"name":"issueEdited","decl":{"start":{"line":63,"column":17},"end":{"line":63,"column":28}},"loc":{"start":{"line":63,"column":39},"end":{"line":65,"column":3}},"line":63}},"branchMap":{},"s":{"0":1,"1":1,"2":1,"3":1,"4":1,"5":1,"6":1,"7":2,"8":2,"9":0,"10":0,"11":2,"12":0,"13":0,"14":2,"15":2,"16":2,"17":0,"18":0,"19":0,"20":0,"21":0,"22":0,"23":0},"f":{"0":2,"1":0,"2":0,"3":0,"4":0},"b":{},"_coverageSchema":"43e27e138ebf9cfc5966b082cf9a028302ed4184","hash":"aec1b830aea49937638be5ce329cad55ba813e68"}
,"/home/robd/dev/sabubot/lib/assigner.js": {"path":"/home/robd/dev/sabubot/lib/assigner.js","statementMap":{"0":{"start":{"line":1,"column":13},"end":{"line":1,"column":31}},"1":{"start":{"line":3,"column":0},"end":{"line":62,"column":1}},"2":{"start":{"line":5,"column":4},"end":{"line":5,"column":18}},"3":{"start":{"line":6,"column":4},"end":{"line":6,"column":26}},"4":{"start":{"line":7,"column":4},"end":{"line":7,"column":20}},"5":{"start":{"line":8,"column":4},"end":{"line":8,"column":22}},"6":{"start":{"line":12,"column":4},"end":{"line":12,"column":34}},"7":{"start":{"line":13,"column":4},"end":{"line":13,"column":38}},"8":{"start":{"line":14,"column":4},"end":{"line":14,"column":51}},"9":{"start":{"line":15,"column":4},"end":{"line":15,"column":44}},"10":{"start":{"line":17,"column":4},"end":{"line":17,"column":40}},"11":{"start":{"line":18,"column":4},"end":{"line":18,"column":48}},"12":{"start":{"line":20,"column":4},"end":{"line":22,"column":5}},"13":{"start":{"line":21,"column":6},"end":{"line":21,"column":42}},"14":{"start":{"line":23,"column":4},"end":{"line":23,"column":55}},"15":{"start":{"line":27,"column":18},"end":{"line":27,"column":76}},"16":{"start":{"line":28,"column":4},"end":{"line":28,"column":21}},"17":{"start":{"line":32,"column":20},"end":{"line":34,"column":7}},"18":{"start":{"line":35,"column":4},"end":{"line":35,"column":80}},"19":{"start":{"line":39,"column":4},"end":{"line":41,"column":7}},"20":{"start":{"line":40,"column":6},"end":{"line":40,"column":22}},"21":{"start":{"line":43,"column":4},"end":{"line":43,"column":33}},"22":{"start":{"line":44,"column":4},"end":{"line":44,"column":33}},"23":{"start":{"line":46,"column":4},"end":{"line":46,"column":61}},"24":{"start":{"line":48,"column":4},"end":{"line":56,"column":5}},"25":{"start":{"line":49,"column":20},"end":{"line":49,"column":40}},"26":{"start":{"line":50,"column":20},"end":{"line":50,"column":31}},"27":{"start":{"line":52,"column":6},"end":{"line":52,"column":31}},"28":{"start":{"line":54,"column":6},"end":{"line":54,"column":62}},"29":{"start":{"line":55,"column":6},"end":{"line":55,"column":18}},"30":{"start":{"line":58,"column":4},"end":{"line":58,"column":75}},"31":{"start":{"line":60,"column":4},"end":{"line":60,"column":99}}},"fnMap":{"0":{"name":"(anonymous_0)","decl":{"start":{"line":4,"column":2},"end":{"line":4,"column":3}},"loc":{"start":{"line":4,"column":29},"end":{"line":9,"column":3}},"line":4},"1":{"name":"(anonymous_1)","decl":{"start":{"line":11,"column":2},"end":{"line":11,"column":3}},"loc":{"start":{"line":11,"column":16},"end":{"line":24,"column":3}},"line":11},"2":{"name":"(anonymous_2)","decl":{"start":{"line":26,"column":2},"end":{"line":26,"column":3}},"loc":{"start":{"line":26,"column":20},"end":{"line":29,"column":3}},"line":26},"3":{"name":"(anonymous_3)","decl":{"start":{"line":31,"column":2},"end":{"line":31,"column":3}},"loc":{"start":{"line":31,"column":21},"end":{"line":36,"column":3}},"line":31},"4":{"name":"(anonymous_4)","decl":{"start":{"line":38,"column":2},"end":{"line":38,"column":3}},"loc":{"start":{"line":38,"column":18},"end":{"line":61,"column":3}},"line":38},"5":{"name":"(anonymous_5)","decl":{"start":{"line":39,"column":61},"end":{"line":39,"column":62}},"loc":{"start":{"line":39,"column":70},"end":{"line":41,"column":5}},"line":39}},"branchMap":{"0":{"loc":{"start":{"line":20,"column":4},"end":{"line":22,"column":5}},"type":"if","locations":[{"start":{"line":20,"column":4},"end":{"line":22,"column":5}},{"start":{"line":20,"column":4},"end":{"line":22,"column":5}}],"line":20},"1":{"loc":{"start":{"line":48,"column":4},"end":{"line":56,"column":5}},"type":"if","locations":[{"start":{"line":48,"column":4},"end":{"line":56,"column":5}},{"start":{"line":48,"column":4},"end":{"line":56,"column":5}}],"line":48}},"s":{"0":1,"1":1,"2":0,"3":0,"4":0,"5":0,"6":0,"7":0,"8":0,"9":0,"10":0,"11":0,"12":0,"13":0,"14":0,"15":0,"16":0,"17":0,"18":0,"19":0,"20":0,"21":0,"22":0,"23":0,"24":0,"25":0,"26":0,"27":0,"28":0,"29":0,"30":0,"31":0},"f":{"0":0,"1":0,"2":0,"3":0,"4":0,"5":0},"b":{"0":[0,0],"1":[0,0]},"_coverageSchema":"43e27e138ebf9cfc5966b082cf9a028302ed4184","hash":"31052de52ac5017020550a95879d2cd2dd87d2e4"}
,"/home/robd/dev/sabubot/lib/closer.js": {"path":"/home/robd/dev/sabubot/lib/closer.js","statementMap":{"0":{"start":{"line":1,"column":13},"end":{"line":1,"column":31}},"1":{"start":{"line":3,"column":0},"end":{"line":121,"column":1}},"2":{"start":{"line":5,"column":4},"end":{"line":5,"column":22}},"3":{"start":{"line":6,"column":4},"end":{"line":6,"column":26}},"4":{"start":{"line":7,"column":4},"end":{"line":7,"column":20}},"5":{"start":{"line":8,"column":4},"end":{"line":8,"column":22}},"6":{"start":{"line":9,"column":4},"end":{"line":9,"column":26}},"7":{"start":{"line":10,"column":4},"end":{"line":10,"column":44}},"8":{"start":{"line":11,"column":4},"end":{"line":11,"column":20}},"9":{"start":{"line":15,"column":4},"end":{"line":15,"column":32}},"10":{"start":{"line":17,"column":4},"end":{"line":17,"column":40}},"11":{"start":{"line":18,"column":4},"end":{"line":18,"column":48}},"12":{"start":{"line":19,"column":4},"end":{"line":21,"column":5}},"13":{"start":{"line":20,"column":6},"end":{"line":20,"column":42}},"14":{"start":{"line":23,"column":19},"end":{"line":25,"column":6}},"15":{"start":{"line":26,"column":42},"end":{"line":26,"column":54}},"16":{"start":{"line":28,"column":20},"end":{"line":28,"column":46}},"17":{"start":{"line":29,"column":25},"end":{"line":29,"column":43}},"18":{"start":{"line":30,"column":29},"end":{"line":30,"column":71}},"19":{"start":{"line":32,"column":4},"end":{"line":40,"column":5}},"20":{"start":{"line":42,"column":29},"end":{"line":48,"column":22}},"21":{"start":{"line":50,"column":4},"end":{"line":57,"column":5}},"22":{"start":{"line":51,"column":6},"end":{"line":51,"column":76}},"23":{"start":{"line":52,"column":6},"end":{"line":55,"column":8}},"24":{"start":{"line":56,"column":6},"end":{"line":56,"column":18}},"25":{"start":{"line":59,"column":29},"end":{"line":59,"column":56}},"26":{"start":{"line":61,"column":4},"end":{"line":61,"column":46}},"27":{"start":{"line":63,"column":4},"end":{"line":91,"column":5}},"28":{"start":{"line":64,"column":6},"end":{"line":78,"column":7}},"29":{"start":{"line":65,"column":8},"end":{"line":65,"column":63}},"30":{"start":{"line":67,"column":8},"end":{"line":77,"column":9}},"31":{"start":{"line":68,"column":10},"end":{"line":72,"column":12}},"32":{"start":{"line":74,"column":10},"end":{"line":76,"column":11}},"33":{"start":{"line":75,"column":12},"end":{"line":75,"column":19}},"34":{"start":{"line":80,"column":6},"end":{"line":90,"column":7}},"35":{"start":{"line":81,"column":8},"end":{"line":85,"column":10}},"36":{"start":{"line":87,"column":8},"end":{"line":89,"column":9}},"37":{"start":{"line":88,"column":10},"end":{"line":88,"column":17}},"38":{"start":{"line":93,"column":4},"end":{"line":93,"column":42}},"39":{"start":{"line":95,"column":4},"end":{"line":95,"column":64}},"40":{"start":{"line":99,"column":4},"end":{"line":99,"column":44}},"41":{"start":{"line":103,"column":20},"end":{"line":103,"column":40}},"42":{"start":{"line":104,"column":4},"end":{"line":106,"column":5}},"43":{"start":{"line":105,"column":6},"end":{"line":105,"column":69}},"44":{"start":{"line":108,"column":4},"end":{"line":110,"column":5}},"45":{"start":{"line":109,"column":6},"end":{"line":109,"column":23}},"46":{"start":{"line":112,"column":4},"end":{"line":112,"column":42}},"47":{"start":{"line":116,"column":20},"end":{"line":118,"column":7}},"48":{"start":{"line":119,"column":4},"end":{"line":119,"column":80}}},"fnMap":{"0":{"name":"(anonymous_0)","decl":{"start":{"line":4,"column":2},"end":{"line":4,"column":3}},"loc":{"start":{"line":4,"column":38},"end":{"line":12,"column":3}},"line":4},"1":{"name":"(anonymous_1)","decl":{"start":{"line":14,"column":2},"end":{"line":14,"column":3}},"loc":{"start":{"line":14,"column":16},"end":{"line":96,"column":3}},"line":14},"2":{"name":"(anonymous_2)","decl":{"start":{"line":98,"column":2},"end":{"line":98,"column":3}},"loc":{"start":{"line":98,"column":21},"end":{"line":100,"column":3}},"line":98},"3":{"name":"(anonymous_3)","decl":{"start":{"line":102,"column":2},"end":{"line":102,"column":3}},"loc":{"start":{"line":102,"column":40},"end":{"line":113,"column":3}},"line":102},"4":{"name":"(anonymous_4)","decl":{"start":{"line":115,"column":2},"end":{"line":115,"column":3}},"loc":{"start":{"line":115,"column":21},"end":{"line":120,"column":3}},"line":115}},"branchMap":{"0":{"loc":{"start":{"line":10,"column":21},"end":{"line":10,"column":44}},"type":"binary-expr","locations":[{"start":{"line":10,"column":21},"end":{"line":10,"column":38}},{"start":{"line":10,"column":42},"end":{"line":10,"column":44}}],"line":10},"1":{"loc":{"start":{"line":19,"column":4},"end":{"line":21,"column":5}},"type":"if","locations":[{"start":{"line":19,"column":4},"end":{"line":21,"column":5}},{"start":{"line":19,"column":4},"end":{"line":21,"column":5}}],"line":19},"2":{"loc":{"start":{"line":50,"column":4},"end":{"line":57,"column":5}},"type":"if","locations":[{"start":{"line":50,"column":4},"end":{"line":57,"column":5}},{"start":{"line":50,"column":4},"end":{"line":57,"column":5}}],"line":50},"3":{"loc":{"start":{"line":63,"column":4},"end":{"line":91,"column":5}},"type":"if","locations":[{"start":{"line":63,"column":4},"end":{"line":91,"column":5}},{"start":{"line":63,"column":4},"end":{"line":91,"column":5}}],"line":63},"4":{"loc":{"start":{"line":64,"column":6},"end":{"line":78,"column":7}},"type":"if","locations":[{"start":{"line":64,"column":6},"end":{"line":78,"column":7}},{"start":{"line":64,"column":6},"end":{"line":78,"column":7}}],"line":64},"5":{"loc":{"start":{"line":74,"column":10},"end":{"line":76,"column":11}},"type":"if","locations":[{"start":{"line":74,"column":10},"end":{"line":76,"column":11}},{"start":{"line":74,"column":10},"end":{"line":76,"column":11}}],"line":74},"6":{"loc":{"start":{"line":87,"column":8},"end":{"line":89,"column":9}},"type":"if","locations":[{"start":{"line":87,"column":8},"end":{"line":89,"column":9}},{"start":{"line":87,"column":8},"end":{"line":89,"column":9}}],"line":87},"7":{"loc":{"start":{"line":102,"column":23},"end":{"line":102,"column":38}},"type":"default-arg","locations":[{"start":{"line":102,"column":33},"end":{"line":102,"column":38}}],"line":102},"8":{"loc":{"start":{"line":104,"column":4},"end":{"line":106,"column":5}},"type":"if","locations":[{"start":{"line":104,"column":4},"end":{"line":106,"column":5}},{"start":{"line":104,"column":4},"end":{"line":106,"column":5}}],"line":104},"9":{"loc":{"start":{"line":108,"column":4},"end":{"line":110,"column":5}},"type":"if","locations":[{"start":{"line":108,"column":4},"end":{"line":110,"column":5}},{"start":{"line":108,"column":4},"end":{"line":110,"column":5}}],"line":108}},"s":{"0":1,"1":1,"2":0,"3":0,"4":0,"5":0,"6":0,"7":0,"8":0,"9":0,"10":0,"11":0,"12":0,"13":0,"14":0,"15":0,"16":0,"17":0,"18":0,"19":0,"20":0,"21":0,"22":0,"23":0,"24":0,"25":0,"26":0,"27":0,"28":0,"29":0,"30":0,"31":0,"32":0,"33":0,"34":0,"35":0,"36":0,"37":0,"38":0,"39":0,"40":0,"41":0,"42":0,"43":0,"44":0,"45":0,"46":0,"47":0,"48":0},"f":{"0":0,"1":0,"2":0,"3":0,"4":0},"b":{"0":[0,0],"1":[0,0],"2":[0,0],"3":[0,0],"4":[0,0],"5":[0,0],"6":[0,0],"7":[0],"8":[0,0],"9":[0,0]},"_coverageSchema":"43e27e138ebf9cfc5966b082cf9a028302ed4184","hash":"2e92faf27388f4fe41347e60ca666038a274d224"}
,"/home/robd/dev/sabubot/lib/deleter.js": {"path":"/home/robd/dev/sabubot/lib/deleter.js","statementMap":{"0":{"start":{"line":1,"column":0},"end":{"line":28,"column":1}},"1":{"start":{"line":2,"column":17},"end":{"line":2,"column":81}},"2":{"start":{"line":3,"column":21},"end":{"line":3,"column":62}},"3":{"start":{"line":4,"column":21},"end":{"line":4,"column":62}},"4":{"start":{"line":6,"column":16},"end":{"line":6,"column":54}},"5":{"start":{"line":7,"column":15},"end":{"line":7,"column":46}},"6":{"start":{"line":8,"column":21},"end":{"line":8,"column":58}},"7":{"start":{"line":9,"column":14},"end":{"line":9,"column":35}},"8":{"start":{"line":11,"column":2},"end":{"line":14,"column":3}},"9":{"start":{"line":12,"column":4},"end":{"line":12,"column":96}},"10":{"start":{"line":13,"column":4},"end":{"line":13,"column":10}},"11":{"start":{"line":16,"column":19},"end":{"line":16,"column":54}},"12":{"start":{"line":17,"column":2},"end":{"line":20,"column":3}},"13":{"start":{"line":18,"column":4},"end":{"line":18,"column":85}},"14":{"start":{"line":19,"column":4},"end":{"line":19,"column":10}},"15":{"start":{"line":22,"column":2},"end":{"line":27,"column":3}},"16":{"start":{"line":23,"column":4},"end":{"line":23,"column":60}},"17":{"start":{"line":24,"column":4},"end":{"line":24,"column":112}},"18":{"start":{"line":26,"column":4},"end":{"line":26,"column":67}}},"fnMap":{"0":{"name":"(anonymous_0)","decl":{"start":{"line":1,"column":17},"end":{"line":1,"column":18}},"loc":{"start":{"line":1,"column":36},"end":{"line":28,"column":1}},"line":1}},"branchMap":{"0":{"loc":{"start":{"line":11,"column":2},"end":{"line":14,"column":3}},"type":"if","locations":[{"start":{"line":11,"column":2},"end":{"line":14,"column":3}},{"start":{"line":11,"column":2},"end":{"line":14,"column":3}}],"line":11},"1":{"loc":{"start":{"line":17,"column":2},"end":{"line":20,"column":3}},"type":"if","locations":[{"start":{"line":17,"column":2},"end":{"line":20,"column":3}},{"start":{"line":17,"column":2},"end":{"line":20,"column":3}}],"line":17},"2":{"loc":{"start":{"line":17,"column":6},"end":{"line":17,"column":52}},"type":"binary-expr","locations":[{"start":{"line":17,"column":6},"end":{"line":17,"column":15}},{"start":{"line":17,"column":19},"end":{"line":17,"column":52}}],"line":17},"3":{"loc":{"start":{"line":24,"column":79},"end":{"line":24,"column":109}},"type":"cond-expr","locations":[{"start":{"line":24,"column":90},"end":{"line":24,"column":98}},{"start":{"line":24,"column":101},"end":{"line":24,"column":109}}],"line":24}},"s":{"0":1,"1":6,"2":6,"3":6,"4":6,"5":6,"6":6,"7":6,"8":6,"9":2,"10":2,"11":4,"12":4,"13":0,"14":0,"15":4,"16":4,"17":3,"18":1},"f":{"0":6},"b":{"0":[2,4],"1":[0,4],"2":[4,0],"3":[3,0]},"_coverageSchema":"43e27e138ebf9cfc5966b082cf9a028302ed4184","hash":"833859552507f5a74ca675b4b68fa8105ebd18fd"}
,"/home/robd/dev/sabubot/lib/labeler.js": {"path":"/home/robd/dev/sabubot/lib/labeler.js","statementMap":{"0":{"start":{"line":1,"column":13},"end":{"line":1,"column":31}},"1":{"start":{"line":2,"column":27},"end":{"line":2,"column":58}},"2":{"start":{"line":5,"column":0},"end":{"line":130,"column":1}},"3":{"start":{"line":7,"column":4},"end":{"line":7,"column":18}},"4":{"start":{"line":8,"column":4},"end":{"line":8,"column":22}},"5":{"start":{"line":9,"column":4},"end":{"line":9,"column":26}},"6":{"start":{"line":10,"column":4},"end":{"line":10,"column":20}},"7":{"start":{"line":11,"column":4},"end":{"line":11,"column":22}},"8":{"start":{"line":18,"column":4},"end":{"line":18,"column":33}},"9":{"start":{"line":19,"column":4},"end":{"line":19,"column":38}},"10":{"start":{"line":20,"column":4},"end":{"line":20,"column":51}},"11":{"start":{"line":21,"column":4},"end":{"line":21,"column":44}},"12":{"start":{"line":23,"column":4},"end":{"line":23,"column":40}},"13":{"start":{"line":24,"column":4},"end":{"line":24,"column":48}},"14":{"start":{"line":26,"column":4},"end":{"line":28,"column":5}},"15":{"start":{"line":27,"column":6},"end":{"line":27,"column":42}},"16":{"start":{"line":32,"column":20},"end":{"line":34,"column":7}},"17":{"start":{"line":35,"column":4},"end":{"line":35,"column":80}},"18":{"start":{"line":39,"column":18},"end":{"line":39,"column":76}},"19":{"start":{"line":40,"column":4},"end":{"line":40,"column":21}},"20":{"start":{"line":44,"column":4},"end":{"line":46,"column":7}},"21":{"start":{"line":45,"column":6},"end":{"line":45,"column":21}},"22":{"start":{"line":47,"column":4},"end":{"line":47,"column":55}},"23":{"start":{"line":49,"column":4},"end":{"line":49,"column":30}},"24":{"start":{"line":50,"column":4},"end":{"line":50,"column":30}},"25":{"start":{"line":52,"column":4},"end":{"line":57,"column":5}},"26":{"start":{"line":53,"column":6},"end":{"line":56,"column":7}},"27":{"start":{"line":54,"column":8},"end":{"line":54,"column":50}},"28":{"start":{"line":55,"column":8},"end":{"line":55,"column":20}},"29":{"start":{"line":59,"column":4},"end":{"line":61,"column":5}},"30":{"start":{"line":60,"column":6},"end":{"line":60,"column":79}},"31":{"start":{"line":64,"column":27},"end":{"line":66,"column":6}},"32":{"start":{"line":65,"column":6},"end":{"line":65,"column":72}},"33":{"start":{"line":69,"column":24},"end":{"line":71,"column":6}},"34":{"start":{"line":70,"column":6},"end":{"line":70,"column":43}},"35":{"start":{"line":73,"column":4},"end":{"line":80,"column":5}},"36":{"start":{"line":74,"column":6},"end":{"line":74,"column":49}},"37":{"start":{"line":75,"column":6},"end":{"line":77,"column":9}},"38":{"start":{"line":79,"column":6},"end":{"line":79,"column":39}},"39":{"start":{"line":82,"column":4},"end":{"line":95,"column":5}},"40":{"start":{"line":83,"column":6},"end":{"line":92,"column":7}},"41":{"start":{"line":84,"column":8},"end":{"line":84,"column":62}},"42":{"start":{"line":85,"column":8},"end":{"line":89,"column":9}},"43":{"start":{"line":86,"column":10},"end":{"line":88,"column":13}},"44":{"start":{"line":91,"column":8},"end":{"line":91,"column":44}},"45":{"start":{"line":94,"column":6},"end":{"line":94,"column":57}},"46":{"start":{"line":96,"column":4},"end":{"line":96,"column":15}},"47":{"start":{"line":100,"column":4},"end":{"line":115,"column":5}},"48":{"start":{"line":101,"column":6},"end":{"line":103,"column":7}},"49":{"start":{"line":102,"column":8},"end":{"line":102,"column":33}},"50":{"start":{"line":105,"column":23},"end":{"line":105,"column":62}},"51":{"start":{"line":106,"column":29},"end":{"line":106,"column":61}},"52":{"start":{"line":107,"column":6},"end":{"line":114,"column":7}},"53":{"start":{"line":108,"column":8},"end":{"line":108,"column":61}},"54":{"start":{"line":110,"column":8},"end":{"line":113,"column":9}},"55":{"start":{"line":111,"column":10},"end":{"line":111,"column":72}},"56":{"start":{"line":112,"column":10},"end":{"line":112,"column":35}},"57":{"start":{"line":125,"column":4},"end":{"line":127,"column":5}},"58":{"start":{"line":126,"column":6},"end":{"line":126,"column":18}},"59":{"start":{"line":128,"column":4},"end":{"line":128,"column":14}}},"fnMap":{"0":{"name":"(anonymous_0)","decl":{"start":{"line":6,"column":2},"end":{"line":6,"column":3}},"loc":{"start":{"line":6,"column":29},"end":{"line":12,"column":3}},"line":6},"1":{"name":"(anonymous_1)","decl":{"start":{"line":14,"column":2},"end":{"line":14,"column":3}},"loc":{"start":{"line":14,"column":16},"end":{"line":29,"column":3}},"line":14},"2":{"name":"(anonymous_2)","decl":{"start":{"line":31,"column":2},"end":{"line":31,"column":3}},"loc":{"start":{"line":31,"column":21},"end":{"line":36,"column":3}},"line":31},"3":{"name":"(anonymous_3)","decl":{"start":{"line":38,"column":2},"end":{"line":38,"column":3}},"loc":{"start":{"line":38,"column":20},"end":{"line":41,"column":3}},"line":38},"4":{"name":"(anonymous_4)","decl":{"start":{"line":43,"column":2},"end":{"line":43,"column":3}},"loc":{"start":{"line":43,"column":17},"end":{"line":97,"column":3}},"line":43},"5":{"name":"(anonymous_5)","decl":{"start":{"line":44,"column":55},"end":{"line":44,"column":56}},"loc":{"start":{"line":44,"column":64},"end":{"line":46,"column":5}},"line":44},"6":{"name":"(anonymous_6)","decl":{"start":{"line":64,"column":61},"end":{"line":64,"column":62}},"loc":{"start":{"line":64,"column":72},"end":{"line":66,"column":5}},"line":64},"7":{"name":"(anonymous_7)","decl":{"start":{"line":69,"column":58},"end":{"line":69,"column":59}},"loc":{"start":{"line":69,"column":69},"end":{"line":71,"column":5}},"line":69},"8":{"name":"(anonymous_8)","decl":{"start":{"line":99,"column":2},"end":{"line":99,"column":3}},"loc":{"start":{"line":99,"column":47},"end":{"line":116,"column":3}},"line":99},"9":{"name":"(anonymous_9)","decl":{"start":{"line":124,"column":2},"end":{"line":124,"column":3}},"loc":{"start":{"line":124,"column":20},"end":{"line":129,"column":3}},"line":124}},"branchMap":{"0":{"loc":{"start":{"line":26,"column":4},"end":{"line":28,"column":5}},"type":"if","locations":[{"start":{"line":26,"column":4},"end":{"line":28,"column":5}},{"start":{"line":26,"column":4},"end":{"line":28,"column":5}}],"line":26},"1":{"loc":{"start":{"line":52,"column":4},"end":{"line":57,"column":5}},"type":"if","locations":[{"start":{"line":52,"column":4},"end":{"line":57,"column":5}},{"start":{"line":52,"column":4},"end":{"line":57,"column":5}}],"line":52},"2":{"loc":{"start":{"line":53,"column":6},"end":{"line":56,"column":7}},"type":"if","locations":[{"start":{"line":53,"column":6},"end":{"line":56,"column":7}},{"start":{"line":53,"column":6},"end":{"line":56,"column":7}}],"line":53},"3":{"loc":{"start":{"line":59,"column":4},"end":{"line":61,"column":5}},"type":"if","locations":[{"start":{"line":59,"column":4},"end":{"line":61,"column":5}},{"start":{"line":59,"column":4},"end":{"line":61,"column":5}}],"line":59},"4":{"loc":{"start":{"line":65,"column":13},"end":{"line":65,"column":72}},"type":"binary-expr","locations":[{"start":{"line":65,"column":13},"end":{"line":65,"column":39}},{"start":{"line":65,"column":43},"end":{"line":65,"column":72}}],"line":65},"5":{"loc":{"start":{"line":73,"column":4},"end":{"line":80,"column":5}},"type":"if","locations":[{"start":{"line":73,"column":4},"end":{"line":80,"column":5}},{"start":{"line":73,"column":4},"end":{"line":80,"column":5}}],"line":73},"6":{"loc":{"start":{"line":82,"column":4},"end":{"line":95,"column":5}},"type":"if","locations":[{"start":{"line":82,"column":4},"end":{"line":95,"column":5}},{"start":{"line":82,"column":4},"end":{"line":95,"column":5}}],"line":82},"7":{"loc":{"start":{"line":83,"column":6},"end":{"line":92,"column":7}},"type":"if","locations":[{"start":{"line":83,"column":6},"end":{"line":92,"column":7}},{"start":{"line":83,"column":6},"end":{"line":92,"column":7}}],"line":83},"8":{"loc":{"start":{"line":101,"column":6},"end":{"line":103,"column":7}},"type":"if","locations":[{"start":{"line":101,"column":6},"end":{"line":103,"column":7}},{"start":{"line":101,"column":6},"end":{"line":103,"column":7}}],"line":101},"9":{"loc":{"start":{"line":110,"column":8},"end":{"line":113,"column":9}},"type":"if","locations":[{"start":{"line":110,"column":8},"end":{"line":113,"column":9}},{"start":{"line":110,"column":8},"end":{"line":113,"column":9}}],"line":110},"10":{"loc":{"start":{"line":125,"column":4},"end":{"line":127,"column":5}},"type":"if","locations":[{"start":{"line":125,"column":4},"end":{"line":127,"column":5}},{"start":{"line":125,"column":4},"end":{"line":127,"column":5}}],"line":125}},"s":{"0":1,"1":1,"2":1,"3":0,"4":0,"5":0,"6":0,"7":0,"8":0,"9":0,"10":0,"11":0,"12":0,"13":0,"14":0,"15":0,"16":0,"17":0,"18":0,"19":0,"20":0,"21":0,"22":0,"23":0,"24":0,"25":0,"26":0,"27":0,"28":0,"29":0,"30":0,"31":0,"32":0,"33":0,"34":0,"35":0,"36":0,"37":0,"38":0,"39":0,"40":0,"41":0,"42":0,"43":0,"44":0,"45":0,"46":0,"47":0,"48":0,"49":0,"50":0,"51":0,"52":0,"53":0,"54":0,"55":0,"56":0,"57":0,"58":0,"59":0},"f":{"0":0,"1":0,"2":0,"3":0,"4":0,"5":0,"6":0,"7":0,"8":0,"9":0},"b":{"0":[0,0],"1":[0,0],"2":[0,0],"3":[0,0],"4":[0,0],"5":[0,0],"6":[0,0],"7":[0,0],"8":[0,0],"9":[0,0],"10":[0,0]},"_coverageSchema":"43e27e138ebf9cfc5966b082cf9a028302ed4184","hash":"23a591a0b4224a7802f6a1e72287a8f0672cac09"}
,"/home/robd/dev/sabubot/lib/mover.js": {"path":"/home/robd/dev/sabubot/lib/mover.js","statementMap":{"0":{"start":{"line":1,"column":13},"end":{"line":1,"column":31}},"1":{"start":{"line":2,"column":15},"end":{"line":2,"column":32}},"2":{"start":{"line":3,"column":19},"end":{"line":3,"column":41}},"3":{"start":{"line":5,"column":0},"end":{"line":424,"column":1}},"4":{"start":{"line":7,"column":4},"end":{"line":7,"column":22}},"5":{"start":{"line":8,"column":4},"end":{"line":8,"column":26}},"6":{"start":{"line":9,"column":4},"end":{"line":9,"column":26}},"7":{"start":{"line":10,"column":4},"end":{"line":10,"column":44}},"8":{"start":{"line":11,"column":4},"end":{"line":11,"column":20}},"9":{"start":{"line":12,"column":4},"end":{"line":12,"column":22}},"10":{"start":{"line":13,"column":4},"end":{"line":13,"column":20}},"11":{"start":{"line":17,"column":4},"end":{"line":17,"column":31}},"12":{"start":{"line":20,"column":4},"end":{"line":20,"column":40}},"13":{"start":{"line":21,"column":4},"end":{"line":21,"column":48}},"14":{"start":{"line":23,"column":4},"end":{"line":25,"column":5}},"15":{"start":{"line":24,"column":6},"end":{"line":24,"column":42}},"16":{"start":{"line":26,"column":4},"end":{"line":26,"column":56}},"17":{"start":{"line":28,"column":4},"end":{"line":31,"column":5}},"18":{"start":{"line":29,"column":6},"end":{"line":29,"column":67}},"19":{"start":{"line":30,"column":6},"end":{"line":30,"column":18}},"20":{"start":{"line":33,"column":4},"end":{"line":33,"column":34}},"21":{"start":{"line":34,"column":19},"end":{"line":36,"column":6}},"22":{"start":{"line":37,"column":42},"end":{"line":37,"column":54}},"23":{"start":{"line":39,"column":4},"end":{"line":39,"column":57}},"24":{"start":{"line":41,"column":20},"end":{"line":41,"column":46}},"25":{"start":{"line":42,"column":25},"end":{"line":42,"column":43}},"26":{"start":{"line":43,"column":32},"end":{"line":43,"column":74}},"27":{"start":{"line":45,"column":4},"end":{"line":53,"column":5}},"28":{"start":{"line":55,"column":29},"end":{"line":61,"column":22}},"29":{"start":{"line":63,"column":4},"end":{"line":63,"column":39}},"30":{"start":{"line":65,"column":4},"end":{"line":72,"column":5}},"31":{"start":{"line":66,"column":6},"end":{"line":66,"column":76}},"32":{"start":{"line":67,"column":6},"end":{"line":70,"column":8}},"33":{"start":{"line":71,"column":6},"end":{"line":71,"column":18}},"34":{"start":{"line":74,"column":17},"end":{"line":74,"column":69}},"35":{"start":{"line":76,"column":23},"end":{"line":76,"column":41}},"36":{"start":{"line":77,"column":19},"end":{"line":77,"column":52}},"37":{"start":{"line":78,"column":4},"end":{"line":78,"column":74}},"38":{"start":{"line":80,"column":4},"end":{"line":89,"column":5}},"39":{"start":{"line":91,"column":4},"end":{"line":109,"column":5}},"40":{"start":{"line":92,"column":6},"end":{"line":101,"column":7}},"41":{"start":{"line":102,"column":6},"end":{"line":107,"column":8}},"42":{"start":{"line":108,"column":6},"end":{"line":108,"column":18}},"43":{"start":{"line":111,"column":4},"end":{"line":111,"column":50}},"44":{"start":{"line":112,"column":4},"end":{"line":119,"column":5}},"45":{"start":{"line":113,"column":6},"end":{"line":113,"column":65}},"46":{"start":{"line":114,"column":6},"end":{"line":117,"column":8}},"47":{"start":{"line":118,"column":6},"end":{"line":118,"column":18}},"48":{"start":{"line":122,"column":18},"end":{"line":122,"column":41}},"49":{"start":{"line":124,"column":4},"end":{"line":124,"column":28}},"50":{"start":{"line":126,"column":4},"end":{"line":141,"column":5}},"51":{"start":{"line":127,"column":6},"end":{"line":127,"column":44}},"52":{"start":{"line":128,"column":6},"end":{"line":128,"column":83}},"53":{"start":{"line":130,"column":6},"end":{"line":139,"column":7}},"54":{"start":{"line":131,"column":8},"end":{"line":131,"column":51}},"55":{"start":{"line":132,"column":8},"end":{"line":137,"column":10}},"56":{"start":{"line":138,"column":8},"end":{"line":138,"column":20}},"57":{"start":{"line":140,"column":6},"end":{"line":140,"column":13}},"58":{"start":{"line":144,"column":4},"end":{"line":148,"column":5}},"59":{"start":{"line":145,"column":6},"end":{"line":145,"column":53}},"60":{"start":{"line":147,"column":6},"end":{"line":147,"column":25}},"61":{"start":{"line":150,"column":4},"end":{"line":150,"column":27}},"62":{"start":{"line":152,"column":27},"end":{"line":152,"column":73}},"63":{"start":{"line":154,"column":4},"end":{"line":161,"column":5}},"64":{"start":{"line":155,"column":6},"end":{"line":155,"column":60}},"65":{"start":{"line":156,"column":6},"end":{"line":159,"column":8}},"66":{"start":{"line":160,"column":6},"end":{"line":160,"column":18}},"67":{"start":{"line":163,"column":4},"end":{"line":170,"column":5}},"68":{"start":{"line":164,"column":6},"end":{"line":164,"column":50}},"69":{"start":{"line":165,"column":6},"end":{"line":168,"column":8}},"70":{"start":{"line":169,"column":6},"end":{"line":169,"column":18}},"71":{"start":{"line":172,"column":4},"end":{"line":189,"column":5}},"72":{"start":{"line":173,"column":31},"end":{"line":179,"column":24}},"73":{"start":{"line":181,"column":6},"end":{"line":188,"column":7}},"74":{"start":{"line":182,"column":8},"end":{"line":182,"column":78}},"75":{"start":{"line":183,"column":8},"end":{"line":186,"column":10}},"76":{"start":{"line":187,"column":8},"end":{"line":187,"column":20}},"77":{"start":{"line":191,"column":4},"end":{"line":191,"column":40}},"78":{"start":{"line":193,"column":28},"end":{"line":196,"column":12}},"79":{"start":{"line":197,"column":4},"end":{"line":197,"column":55}},"80":{"start":{"line":198,"column":24},"end":{"line":198,"column":50}},"81":{"start":{"line":199,"column":27},"end":{"line":199,"column":90}},"82":{"start":{"line":201,"column":23},"end":{"line":201,"column":25}},"83":{"start":{"line":202,"column":4},"end":{"line":209,"column":5}},"84":{"start":{"line":203,"column":6},"end":{"line":208,"column":7}},"85":{"start":{"line":211,"column":29},"end":{"line":211,"column":56}},"86":{"start":{"line":213,"column":4},"end":{"line":213,"column":53}},"87":{"start":{"line":215,"column":31},"end":{"line":215,"column":68}},"88":{"start":{"line":216,"column":4},"end":{"line":226,"column":19}},"89":{"start":{"line":228,"column":4},"end":{"line":228,"column":46}},"90":{"start":{"line":230,"column":4},"end":{"line":277,"column":5}},"91":{"start":{"line":237,"column":8},"end":{"line":275,"column":9}},"92":{"start":{"line":238,"column":10},"end":{"line":240,"column":11}},"93":{"start":{"line":239,"column":12},"end":{"line":239,"column":20}},"94":{"start":{"line":241,"column":32},"end":{"line":241,"column":50}},"95":{"start":{"line":242,"column":28},"end":{"line":244,"column":11}},"96":{"start":{"line":246,"column":10},"end":{"line":253,"column":11}},"97":{"start":{"line":255,"column":39},"end":{"line":258,"column":11}},"98":{"start":{"line":259,"column":34},"end":{"line":264,"column":21}},"99":{"start":{"line":266,"column":10},"end":{"line":274,"column":11}},"100":{"start":{"line":279,"column":4},"end":{"line":309,"column":5}},"101":{"start":{"line":280,"column":6},"end":{"line":293,"column":7}},"102":{"start":{"line":281,"column":8},"end":{"line":281,"column":63}},"103":{"start":{"line":282,"column":8},"end":{"line":292,"column":9}},"104":{"start":{"line":283,"column":10},"end":{"line":287,"column":12}},"105":{"start":{"line":289,"column":10},"end":{"line":291,"column":11}},"106":{"start":{"line":290,"column":12},"end":{"line":290,"column":19}},"107":{"start":{"line":295,"column":6},"end":{"line":295,"column":56}},"108":{"start":{"line":297,"column":6},"end":{"line":308,"column":7}},"109":{"start":{"line":298,"column":8},"end":{"line":303,"column":10}},"110":{"start":{"line":305,"column":8},"end":{"line":307,"column":9}},"111":{"start":{"line":306,"column":10},"end":{"line":306,"column":17}},"112":{"start":{"line":311,"column":4},"end":{"line":315,"column":5}},"113":{"start":{"line":312,"column":6},"end":{"line":312,"column":44}},"114":{"start":{"line":314,"column":6},"end":{"line":314,"column":66}},"115":{"start":{"line":319,"column":20},"end":{"line":321,"column":7}},"116":{"start":{"line":322,"column":4},"end":{"line":322,"column":80}},"117":{"start":{"line":326,"column":23},"end":{"line":326,"column":25}},"118":{"start":{"line":328,"column":25},"end":{"line":334,"column":5}},"119":{"start":{"line":333,"column":13},"end":{"line":333,"column":44}},"120":{"start":{"line":333,"column":34},"end":{"line":333,"column":43}},"121":{"start":{"line":336,"column":4},"end":{"line":348,"column":5}},"122":{"start":{"line":337,"column":27},"end":{"line":343,"column":7}},"123":{"start":{"line":342,"column":15},"end":{"line":342,"column":46}},"124":{"start":{"line":342,"column":36},"end":{"line":342,"column":45}},"125":{"start":{"line":345,"column":6},"end":{"line":347,"column":7}},"126":{"start":{"line":346,"column":8},"end":{"line":346,"column":79}},"127":{"start":{"line":346,"column":51},"end":{"line":346,"column":78}},"128":{"start":{"line":349,"column":4},"end":{"line":349,"column":23}},"129":{"start":{"line":353,"column":4},"end":{"line":353,"column":44}},"130":{"start":{"line":357,"column":4},"end":{"line":357,"column":54}},"131":{"start":{"line":361,"column":20},"end":{"line":361,"column":40}},"132":{"start":{"line":362,"column":4},"end":{"line":364,"column":5}},"133":{"start":{"line":363,"column":6},"end":{"line":363,"column":69}},"134":{"start":{"line":366,"column":4},"end":{"line":368,"column":5}},"135":{"start":{"line":367,"column":6},"end":{"line":367,"column":23}},"136":{"start":{"line":370,"column":4},"end":{"line":370,"column":42}},"137":{"start":{"line":374,"column":17},"end":{"line":374,"column":47}},"138":{"start":{"line":375,"column":19},"end":{"line":375,"column":37}},"139":{"start":{"line":376,"column":4},"end":{"line":376,"column":77}},"140":{"start":{"line":380,"column":24},"end":{"line":380,"column":51}},"141":{"start":{"line":381,"column":23},"end":{"line":418,"column":5}},"142":{"start":{"line":384,"column":10},"end":{"line":388,"column":11}},"143":{"start":{"line":391,"column":27},"end":{"line":391,"column":74}},"144":{"start":{"line":392,"column":10},"end":{"line":395,"column":11}},"145":{"start":{"line":400,"column":10},"end":{"line":403,"column":11}},"146":{"start":{"line":406,"column":10},"end":{"line":414,"column":11}},"147":{"start":{"line":407,"column":12},"end":{"line":409,"column":13}},"148":{"start":{"line":408,"column":14},"end":{"line":408,"column":28}},"149":{"start":{"line":411,"column":12},"end":{"line":413,"column":13}},"150":{"start":{"line":412,"column":14},"end":{"line":412,"column":28}},"151":{"start":{"line":415,"column":10},"end":{"line":415,"column":63}},"152":{"start":{"line":419,"column":4},"end":{"line":422,"column":6}}},"fnMap":{"0":{"name":"(anonymous_0)","decl":{"start":{"line":6,"column":2},"end":{"line":6,"column":3}},"loc":{"start":{"line":6,"column":38},"end":{"line":14,"column":3}},"line":6},"1":{"name":"(anonymous_1)","decl":{"start":{"line":16,"column":2},"end":{"line":16,"column":3}},"loc":{"start":{"line":16,"column":16},"end":{"line":316,"column":3}},"line":16},"2":{"name":"(anonymous_2)","decl":{"start":{"line":236,"column":6},"end":{"line":236,"column":7}},"loc":{"start":{"line":236,"column":24},"end":{"line":276,"column":7}},"line":236},"3":{"name":"(anonymous_3)","decl":{"start":{"line":318,"column":2},"end":{"line":318,"column":3}},"loc":{"start":{"line":318,"column":21},"end":{"line":323,"column":3}},"line":318},"4":{"name":"(anonymous_4)","decl":{"start":{"line":325,"column":2},"end":{"line":325,"column":3}},"loc":{"start":{"line":325,"column":61},"end":{"line":350,"column":3}},"line":325},"5":{"name":"(anonymous_5)","decl":{"start":{"line":333,"column":6},"end":{"line":333,"column":7}},"loc":{"start":{"line":333,"column":13},"end":{"line":333,"column":44}},"line":333},"6":{"name":"(anonymous_6)","decl":{"start":{"line":333,"column":26},"end":{"line":333,"column":27}},"loc":{"start":{"line":333,"column":34},"end":{"line":333,"column":43}},"line":333},"7":{"name":"(anonymous_7)","decl":{"start":{"line":342,"column":8},"end":{"line":342,"column":9}},"loc":{"start":{"line":342,"column":15},"end":{"line":342,"column":46}},"line":342},"8":{"name":"(anonymous_8)","decl":{"start":{"line":342,"column":28},"end":{"line":342,"column":29}},"loc":{"start":{"line":342,"column":36},"end":{"line":342,"column":45}},"line":342},"9":{"name":"(anonymous_9)","decl":{"start":{"line":346,"column":43},"end":{"line":346,"column":44}},"loc":{"start":{"line":346,"column":51},"end":{"line":346,"column":78}},"line":346},"10":{"name":"(anonymous_10)","decl":{"start":{"line":352,"column":2},"end":{"line":352,"column":3}},"loc":{"start":{"line":352,"column":21},"end":{"line":354,"column":3}},"line":352},"11":{"name":"(anonymous_11)","decl":{"start":{"line":356,"column":2},"end":{"line":356,"column":3}},"loc":{"start":{"line":356,"column":19},"end":{"line":358,"column":3}},"line":356},"12":{"name":"(anonymous_12)","decl":{"start":{"line":360,"column":2},"end":{"line":360,"column":3}},"loc":{"start":{"line":360,"column":40},"end":{"line":371,"column":3}},"line":360},"13":{"name":"(anonymous_13)","decl":{"start":{"line":373,"column":2},"end":{"line":373,"column":3}},"loc":{"start":{"line":373,"column":23},"end":{"line":377,"column":3}},"line":373},"14":{"name":"(anonymous_14)","decl":{"start":{"line":379,"column":2},"end":{"line":379,"column":3}},"loc":{"start":{"line":379,"column":21},"end":{"line":423,"column":3}},"line":379},"15":{"name":"(anonymous_15)","decl":{"start":{"line":383,"column":16},"end":{"line":383,"column":17}},"loc":{"start":{"line":383,"column":32},"end":{"line":389,"column":9}},"line":383},"16":{"name":"(anonymous_16)","decl":{"start":{"line":390,"column":21},"end":{"line":390,"column":22}},"loc":{"start":{"line":390,"column":46},"end":{"line":396,"column":9}},"line":390},"17":{"name":"(anonymous_17)","decl":{"start":{"line":399,"column":16},"end":{"line":399,"column":17}},"loc":{"start":{"line":399,"column":32},"end":{"line":404,"column":9}},"line":399},"18":{"name":"(anonymous_18)","decl":{"start":{"line":405,"column":21},"end":{"line":405,"column":22}},"loc":{"start":{"line":405,"column":40},"end":{"line":416,"column":9}},"line":405}},"branchMap":{"0":{"loc":{"start":{"line":10,"column":21},"end":{"line":10,"column":44}},"type":"binary-expr","locations":[{"start":{"line":10,"column":21},"end":{"line":10,"column":38}},{"start":{"line":10,"column":42},"end":{"line":10,"column":44}}],"line":10},"1":{"loc":{"start":{"line":23,"column":4},"end":{"line":25,"column":5}},"type":"if","locations":[{"start":{"line":23,"column":4},"end":{"line":25,"column":5}},{"start":{"line":23,"column":4},"end":{"line":25,"column":5}}],"line":23},"2":{"loc":{"start":{"line":28,"column":4},"end":{"line":31,"column":5}},"type":"if","locations":[{"start":{"line":28,"column":4},"end":{"line":31,"column":5}},{"start":{"line":28,"column":4},"end":{"line":31,"column":5}}],"line":28},"3":{"loc":{"start":{"line":65,"column":4},"end":{"line":72,"column":5}},"type":"if","locations":[{"start":{"line":65,"column":4},"end":{"line":72,"column":5}},{"start":{"line":65,"column":4},"end":{"line":72,"column":5}}],"line":65},"4":{"loc":{"start":{"line":78,"column":19},"end":{"line":78,"column":74}},"type":"cond-expr","locations":[{"start":{"line":78,"column":39},"end":{"line":78,"column":59}},{"start":{"line":78,"column":62},"end":{"line":78,"column":74}}],"line":78},"5":{"loc":{"start":{"line":91,"column":4},"end":{"line":109,"column":5}},"type":"if","locations":[{"start":{"line":91,"column":4},"end":{"line":109,"column":5}},{"start":{"line":91,"column":4},"end":{"line":109,"column":5}}],"line":91},"6":{"loc":{"start":{"line":91,"column":8},"end":{"line":91,"column":76}},"type":"binary-expr","locations":[{"start":{"line":91,"column":8},"end":{"line":91,"column":20}},{"start":{"line":91,"column":24},"end":{"line":91,"column":48}},{"start":{"line":91,"column":52},"end":{"line":91,"column":76}}],"line":91},"7":{"loc":{"start":{"line":112,"column":4},"end":{"line":119,"column":5}},"type":"if","locations":[{"start":{"line":112,"column":4},"end":{"line":119,"column":5}},{"start":{"line":112,"column":4},"end":{"line":119,"column":5}}],"line":112},"8":{"loc":{"start":{"line":112,"column":8},"end":{"line":112,"column":53}},"type":"binary-expr","locations":[{"start":{"line":112,"column":8},"end":{"line":112,"column":22}},{"start":{"line":112,"column":26},"end":{"line":112,"column":53}}],"line":112},"9":{"loc":{"start":{"line":130,"column":6},"end":{"line":139,"column":7}},"type":"if","locations":[{"start":{"line":130,"column":6},"end":{"line":139,"column":7}},{"start":{"line":130,"column":6},"end":{"line":139,"column":7}}],"line":130},"10":{"loc":{"start":{"line":144,"column":4},"end":{"line":148,"column":5}},"type":"if","locations":[{"start":{"line":144,"column":4},"end":{"line":148,"column":5}},{"start":{"line":144,"column":4},"end":{"line":148,"column":5}}],"line":144},"11":{"loc":{"start":{"line":154,"column":4},"end":{"line":161,"column":5}},"type":"if","locations":[{"start":{"line":154,"column":4},"end":{"line":161,"column":5}},{"start":{"line":154,"column":4},"end":{"line":161,"column":5}}],"line":154},"12":{"loc":{"start":{"line":163,"column":4},"end":{"line":170,"column":5}},"type":"if","locations":[{"start":{"line":163,"column":4},"end":{"line":170,"column":5}},{"start":{"line":163,"column":4},"end":{"line":170,"column":5}}],"line":163},"13":{"loc":{"start":{"line":172,"column":4},"end":{"line":189,"column":5}},"type":"if","locations":[{"start":{"line":172,"column":4},"end":{"line":189,"column":5}},{"start":{"line":172,"column":4},"end":{"line":189,"column":5}}],"line":172},"14":{"loc":{"start":{"line":172,"column":8},"end":{"line":172,"column":79}},"type":"binary-expr","locations":[{"start":{"line":172,"column":8},"end":{"line":172,"column":23}},{"start":{"line":172,"column":27},"end":{"line":172,"column":53}},{"start":{"line":172,"column":57},"end":{"line":172,"column":79}}],"line":172},"15":{"loc":{"start":{"line":181,"column":6},"end":{"line":188,"column":7}},"type":"if","locations":[{"start":{"line":181,"column":6},"end":{"line":188,"column":7}},{"start":{"line":181,"column":6},"end":{"line":188,"column":7}}],"line":181},"16":{"loc":{"start":{"line":202,"column":4},"end":{"line":209,"column":5}},"type":"if","locations":[{"start":{"line":202,"column":4},"end":{"line":209,"column":5}},{"start":{"line":202,"column":4},"end":{"line":209,"column":5}}],"line":202},"17":{"loc":{"start":{"line":238,"column":10},"end":{"line":240,"column":11}},"type":"if","locations":[{"start":{"line":238,"column":10},"end":{"line":240,"column":11}},{"start":{"line":238,"column":10},"end":{"line":240,"column":11}}],"line":238},"18":{"loc":{"start":{"line":238,"column":14},"end":{"line":238,"column":65}},"type":"binary-expr","locations":[{"start":{"line":238,"column":14},"end":{"line":238,"column":41}},{"start":{"line":238,"column":45},"end":{"line":238,"column":65}}],"line":238},"19":{"loc":{"start":{"line":279,"column":4},"end":{"line":309,"column":5}},"type":"if","locations":[{"start":{"line":279,"column":4},"end":{"line":309,"column":5}},{"start":{"line":279,"column":4},"end":{"line":309,"column":5}}],"line":279},"20":{"loc":{"start":{"line":280,"column":6},"end":{"line":293,"column":7}},"type":"if","locations":[{"start":{"line":280,"column":6},"end":{"line":293,"column":7}},{"start":{"line":280,"column":6},"end":{"line":293,"column":7}}],"line":280},"21":{"loc":{"start":{"line":289,"column":10},"end":{"line":291,"column":11}},"type":"if","locations":[{"start":{"line":289,"column":10},"end":{"line":291,"column":11}},{"start":{"line":289,"column":10},"end":{"line":291,"column":11}}],"line":289},"22":{"loc":{"start":{"line":305,"column":8},"end":{"line":307,"column":9}},"type":"if","locations":[{"start":{"line":305,"column":8},"end":{"line":307,"column":9}},{"start":{"line":305,"column":8},"end":{"line":307,"column":9}}],"line":305},"23":{"loc":{"start":{"line":311,"column":4},"end":{"line":315,"column":5}},"type":"if","locations":[{"start":{"line":311,"column":4},"end":{"line":315,"column":5}},{"start":{"line":311,"column":4},"end":{"line":315,"column":5}}],"line":311},"24":{"loc":{"start":{"line":336,"column":4},"end":{"line":348,"column":5}},"type":"if","locations":[{"start":{"line":336,"column":4},"end":{"line":348,"column":5}},{"start":{"line":336,"column":4},"end":{"line":348,"column":5}}],"line":336},"25":{"loc":{"start":{"line":345,"column":6},"end":{"line":347,"column":7}},"type":"if","locations":[{"start":{"line":345,"column":6},"end":{"line":347,"column":7}},{"start":{"line":345,"column":6},"end":{"line":347,"column":7}}],"line":345},"26":{"loc":{"start":{"line":360,"column":23},"end":{"line":360,"column":38}},"type":"default-arg","locations":[{"start":{"line":360,"column":33},"end":{"line":360,"column":38}}],"line":360},"27":{"loc":{"start":{"line":362,"column":4},"end":{"line":364,"column":5}},"type":"if","locations":[{"start":{"line":362,"column":4},"end":{"line":364,"column":5}},{"start":{"line":362,"column":4},"end":{"line":364,"column":5}}],"line":362},"28":{"loc":{"start":{"line":366,"column":4},"end":{"line":368,"column":5}},"type":"if","locations":[{"start":{"line":366,"column":4},"end":{"line":368,"column":5}},{"start":{"line":366,"column":4},"end":{"line":368,"column":5}}],"line":366},"29":{"loc":{"start":{"line":385,"column":12},"end":{"line":387,"column":55}},"type":"binary-expr","locations":[{"start":{"line":385,"column":12},"end":{"line":385,"column":35}},{"start":{"line":386,"column":12},"end":{"line":386,"column":46}},{"start":{"line":387,"column":12},"end":{"line":387,"column":55}}],"line":385},"30":{"loc":{"start":{"line":401,"column":12},"end":{"line":402,"column":56}},"type":"binary-expr","locations":[{"start":{"line":401,"column":12},"end":{"line":401,"column":33}},{"start":{"line":402,"column":12},"end":{"line":402,"column":56}}],"line":401},"31":{"loc":{"start":{"line":406,"column":10},"end":{"line":414,"column":11}},"type":"if","locations":[{"start":{"line":406,"column":10},"end":{"line":414,"column":11}},{"start":{"line":406,"column":10},"end":{"line":414,"column":11}}],"line":406},"32":{"loc":{"start":{"line":407,"column":12},"end":{"line":409,"column":13}},"type":"if","locations":[{"start":{"line":407,"column":12},"end":{"line":409,"column":13}},{"start":{"line":407,"column":12},"end":{"line":409,"column":13}}],"line":407},"33":{"loc":{"start":{"line":411,"column":12},"end":{"line":413,"column":13}},"type":"if","locations":[{"start":{"line":411,"column":12},"end":{"line":413,"column":13}},{"start":{"line":411,"column":12},"end":{"line":413,"column":13}}],"line":411}},"s":{"0":1,"1":1,"2":1,"3":1,"4":0,"5":0,"6":0,"7":0,"8":0,"9":0,"10":0,"11":0,"12":0,"13":0,"14":0,"15":0,"16":0,"17":0,"18":0,"19":0,"20":0,"21":0,"22":0,"23":0,"24":0,"25":0,"26":0,"27":0,"28":0,"29":0,"30":0,"31":0,"32":0,"33":0,"34":0,"35":0,"36":0,"37":0,"38":0,"39":0,"40":0,"41":0,"42":0,"43":0,"44":0,"45":0,"46":0,"47":0,"48":0,"49":0,"50":0,"51":0,"52":0,"53":0,"54":0,"55":0,"56":0,"57":0,"58":0,"59":0,"60":0,"61":0,"62":0,"63":0,"64":0,"65":0,"66":0,"67":0,"68":0,"69":0,"70":0,"71":0,"72":0,"73":0,"74":0,"75":0,"76":0,"77":0,"78":0,"79":0,"80":0,"81":0,"82":0,"83":0,"84":0,"85":0,"86":0,"87":0,"88":0,"89":0,"90":0,"91":0,"92":0,"93":0,"94":0,"95":0,"96":0,"97":0,"98":0,"99":0,"100":0,"101":0,"102":0,"103":0,"104":0,"105":0,"106":0,"107":0,"108":0,"109":0,"110":0,"111":0,"112":0,"113":0,"114":0,"115":0,"116":0,"117":0,"118":0,"119":0,"120":0,"121":0,"122":0,"123":0,"124":0,"125":0,"126":0,"127":0,"128":0,"129":0,"130":0,"131":0,"132":0,"133":0,"134":0,"135":0,"136":0,"137":0,"138":0,"139":0,"140":0,"141":0,"142":0,"143":0,"144":0,"145":0,"146":0,"147":0,"148":0,"149":0,"150":0,"151":0,"152":0},"f":{"0":0,"1":0,"2":0,"3":0,"4":0,"5":0,"6":0,"7":0,"8":0,"9":0,"10":0,"11":0,"12":0,"13":0,"14":0,"15":0,"16":0,"17":0,"18":0},"b":{"0":[0,0],"1":[0,0],"2":[0,0],"3":[0,0],"4":[0,0],"5":[0,0],"6":[0,0,0],"7":[0,0],"8":[0,0],"9":[0,0],"10":[0,0],"11":[0,0],"12":[0,0],"13":[0,0],"14":[0,0,0],"15":[0,0],"16":[0,0],"17":[0,0],"18":[0,0],"19":[0,0],"20":[0,0],"21":[0,0],"22":[0,0],"23":[0,0],"24":[0,0],"25":[0,0],"26":[0],"27":[0,0],"28":[0,0],"29":[0,0,0],"30":[0,0],"31":[0,0],"32":[0,0],"33":[0,0]},"_coverageSchema":"43e27e138ebf9cfc5966b082cf9a028302ed4184","hash":"1858025f84239e7c449ae219cf9de9e2f0cb3b11"}
,"/home/robd/dev/sabubot/test/fixtures/pull_request.closed": {"path":"/home/robd/dev/sabubot/test/fixtures/pull_request.closed","statementMap":{"0":{"start":{"line":1,"column":0},"end":{"line":458,"column":1}}},"fnMap":{},"branchMap":{},"s":{"0":2},"f":{},"b":{},"_coverageSchema":"43e27e138ebf9cfc5966b082cf9a028302ed4184","hash":"bda0b2964c202a44da47499bc81a29754cb5c094"}
}
