TN:
SF:/Volumes/Work et al/dev/sabubot/index.js
FN:12,(anonymous_0)
FN:16,(anonymous_1)
FN:22,(anonymous_2)
FN:50,issueOpened
FN:63,issueEdited
FNF:5
FNH:1
FNDA:2,(anonymous_0)
FNDA:0,(anonymous_1)
FNDA:0,(anonymous_2)
FNDA:0,issueOpened
FNDA:0,issueEdited
DA:1,1
DA:2,1
DA:3,1
DA:4,1
DA:5,1
DA:6,1
DA:12,1
DA:14,2
DA:16,2
DA:17,0
DA:19,0
DA:22,2
DA:23,0
DA:25,0
DA:32,2
DA:33,2
DA:34,2
DA:51,0
DA:52,0
DA:54,0
DA:56,0
DA:58,0
DA:60,0
DA:64,0
LF:24
LH:13
BRF:0
BRH:0
end_of_record
TN:
SF:/Volumes/Work et al/dev/sabubot/lib/assigner.js
FN:4,(anonymous_0)
FN:11,(anonymous_1)
FN:26,(anonymous_2)
FN:31,(anonymous_3)
FN:38,(anonymous_4)
FN:39,(anonymous_5)
FNF:6
FNH:0
FNDA:0,(anonymous_0)
FNDA:0,(anonymous_1)
FNDA:0,(anonymous_2)
FNDA:0,(anonymous_3)
FNDA:0,(anonymous_4)
FNDA:0,(anonymous_5)
DA:1,1
DA:3,1
DA:5,0
DA:6,0
DA:7,0
DA:8,0
DA:12,0
DA:13,0
DA:14,0
DA:15,0
DA:17,0
DA:18,0
DA:20,0
DA:21,0
DA:23,0
DA:27,0
DA:28,0
DA:32,0
DA:35,0
DA:39,0
DA:40,0
DA:43,0
DA:44,0
DA:46,0
DA:48,0
DA:49,0
DA:50,0
DA:52,0
DA:54,0
DA:55,0
DA:58,0
DA:60,0
LF:32
LH:2
BRDA:20,0,0,0
BRDA:20,0,1,0
BRDA:48,1,0,0
BRDA:48,1,1,0
BRF:4
BRH:0
end_of_record
TN:
SF:/Volumes/Work et al/dev/sabubot/lib/closer.js
FN:4,(anonymous_0)
FN:14,(anonymous_1)
FN:98,(anonymous_2)
FN:102,(anonymous_3)
FN:115,(anonymous_4)
FNF:5
FNH:0
FNDA:0,(anonymous_0)
FNDA:0,(anonymous_1)
FNDA:0,(anonymous_2)
FNDA:0,(anonymous_3)
FNDA:0,(anonymous_4)
DA:1,1
DA:3,1
DA:5,0
DA:6,0
DA:7,0
DA:8,0
DA:9,0
DA:10,0
DA:11,0
DA:15,0
DA:17,0
DA:18,0
DA:19,0
DA:20,0
DA:23,0
DA:26,0
DA:28,0
DA:29,0
DA:30,0
DA:32,0
DA:42,0
DA:50,0
DA:51,0
DA:52,0
DA:56,0
DA:59,0
DA:61,0
DA:63,0
DA:64,0
DA:65,0
DA:67,0
DA:68,0
DA:74,0
DA:75,0
DA:80,0
DA:81,0
DA:87,0
DA:88,0
DA:93,0
DA:95,0
DA:99,0
DA:103,0
DA:104,0
DA:105,0
DA:108,0
DA:109,0
DA:112,0
DA:116,0
DA:119,0
LF:49
LH:2
BRDA:10,0,0,0
BRDA:10,0,1,0
BRDA:19,1,0,0
BRDA:19,1,1,0
BRDA:50,2,0,0
BRDA:50,2,1,0
BRDA:63,3,0,0
BRDA:63,3,1,0
BRDA:64,4,0,0
BRDA:64,4,1,0
BRDA:74,5,0,0
BRDA:74,5,1,0
BRDA:87,6,0,0
BRDA:87,6,1,0
BRDA:102,7,0,0
BRDA:104,8,0,0
BRDA:104,8,1,0
BRDA:108,9,0,0
BRDA:108,9,1,0
BRF:19
BRH:0
end_of_record
TN:
SF:/Volumes/Work et al/dev/sabubot/lib/deleter.js
FN:1,(anonymous_0)
FNF:1
FNH:1
FNDA:6,(anonymous_0)
DA:1,1
DA:2,6
DA:3,6
DA:4,6
DA:6,6
DA:7,6
DA:8,6
DA:9,6
DA:11,6
DA:12,2
DA:13,2
DA:16,4
DA:17,4
DA:18,0
DA:19,0
DA:22,4
DA:23,4
DA:24,3
DA:26,1
LF:19
LH:17
BRDA:11,0,0,2
BRDA:11,0,1,4
BRDA:17,1,0,0
BRDA:17,1,1,4
BRDA:17,2,0,4
BRDA:17,2,1,0
BRDA:24,3,0,3
BRDA:24,3,1,0
BRF:8
BRH:5
end_of_record
TN:
SF:/Volumes/Work et al/dev/sabubot/lib/labeler.js
FN:6,(anonymous_0)
FN:14,(anonymous_1)
FN:31,(anonymous_2)
FN:38,(anonymous_3)
FN:43,(anonymous_4)
FN:44,(anonymous_5)
FN:64,(anonymous_6)
FN:69,(anonymous_7)
FN:99,(anonymous_8)
FN:124,(anonymous_9)
FNF:10
FNH:0
FNDA:0,(anonymous_0)
FNDA:0,(anonymous_1)
FNDA:0,(anonymous_2)
FNDA:0,(anonymous_3)
FNDA:0,(anonymous_4)
FNDA:0,(anonymous_5)
FNDA:0,(anonymous_6)
FNDA:0,(anonymous_7)
FNDA:0,(anonymous_8)
FNDA:0,(anonymous_9)
DA:1,1
DA:2,1
DA:5,1
DA:7,0
DA:8,0
DA:9,0
DA:10,0
DA:11,0
DA:18,0
DA:19,0
DA:20,0
DA:21,0
DA:23,0
DA:24,0
DA:26,0
DA:27,0
DA:32,0
DA:35,0
DA:39,0
DA:40,0
DA:44,0
DA:45,0
DA:47,0
DA:49,0
DA:50,0
DA:52,0
DA:53,0
DA:54,0
DA:55,0
DA:59,0
DA:60,0
DA:64,0
DA:65,0
DA:69,0
DA:70,0
DA:73,0
DA:74,0
DA:75,0
DA:79,0
DA:82,0
DA:83,0
DA:84,0
DA:85,0
DA:86,0
DA:91,0
DA:94,0
DA:96,0
DA:100,0
DA:101,0
DA:102,0
DA:105,0
DA:106,0
DA:107,0
DA:108,0
DA:110,0
DA:111,0
DA:112,0
DA:125,0
DA:126,0
DA:128,0
LF:60
LH:3
BRDA:26,0,0,0
BRDA:26,0,1,0
BRDA:52,1,0,0
BRDA:52,1,1,0
BRDA:53,2,0,0
BRDA:53,2,1,0
BRDA:59,3,0,0
BRDA:59,3,1,0
BRDA:65,4,0,0
BRDA:65,4,1,0
BRDA:73,5,0,0
BRDA:73,5,1,0
BRDA:82,6,0,0
BRDA:82,6,1,0
BRDA:83,7,0,0
BRDA:83,7,1,0
BRDA:101,8,0,0
BRDA:101,8,1,0
BRDA:110,9,0,0
BRDA:110,9,1,0
BRDA:125,10,0,0
BRDA:125,10,1,0
BRF:22
BRH:0
end_of_record
TN:
SF:/Volumes/Work et al/dev/sabubot/lib/mover.js
FN:6,(anonymous_0)
FN:16,(anonymous_1)
FN:236,(anonymous_2)
FN:318,(anonymous_3)
FN:325,(anonymous_4)
FN:333,(anonymous_5)
FN:333,(anonymous_6)
FN:342,(anonymous_7)
FN:342,(anonymous_8)
FN:346,(anonymous_9)
FN:352,(anonymous_10)
FN:356,(anonymous_11)
FN:360,(anonymous_12)
FN:373,(anonymous_13)
FN:379,(anonymous_14)
FN:383,(anonymous_15)
FN:390,(anonymous_16)
FN:399,(anonymous_17)
FN:405,(anonymous_18)
FNF:19
FNH:0
FNDA:0,(anonymous_0)
FNDA:0,(anonymous_1)
FNDA:0,(anonymous_2)
FNDA:0,(anonymous_3)
FNDA:0,(anonymous_4)
FNDA:0,(anonymous_5)
FNDA:0,(anonymous_6)
FNDA:0,(anonymous_7)
FNDA:0,(anonymous_8)
FNDA:0,(anonymous_9)
FNDA:0,(anonymous_10)
FNDA:0,(anonymous_11)
FNDA:0,(anonymous_12)
FNDA:0,(anonymous_13)
FNDA:0,(anonymous_14)
FNDA:0,(anonymous_15)
FNDA:0,(anonymous_16)
FNDA:0,(anonymous_17)
FNDA:0,(anonymous_18)
DA:1,1
DA:2,1
DA:3,1
DA:5,1
DA:7,0
DA:8,0
DA:9,0
DA:10,0
DA:11,0
DA:12,0
DA:13,0
DA:17,0
DA:20,0
DA:21,0
DA:23,0
DA:24,0
DA:26,0
DA:28,0
DA:29,0
DA:30,0
DA:33,0
DA:34,0
DA:37,0
DA:39,0
DA:41,0
DA:42,0
DA:43,0
DA:45,0
DA:55,0
DA:63,0
DA:65,0
DA:66,0
DA:67,0
DA:71,0
DA:74,0
DA:76,0
DA:77,0
DA:78,0
DA:80,0
DA:91,0
DA:92,0
DA:102,0
DA:108,0
DA:111,0
DA:112,0
DA:113,0
DA:114,0
DA:118,0
DA:122,0
DA:124,0
DA:126,0
DA:127,0
DA:128,0
DA:130,0
DA:131,0
DA:132,0
DA:138,0
DA:140,0
DA:144,0
DA:145,0
DA:147,0
DA:150,0
DA:152,0
DA:154,0
DA:155,0
DA:156,0
DA:160,0
DA:163,0
DA:164,0
DA:165,0
DA:169,0
DA:172,0
DA:173,0
DA:181,0
DA:182,0
DA:183,0
DA:187,0
DA:191,0
DA:193,0
DA:197,0
DA:198,0
DA:199,0
DA:201,0
DA:202,0
DA:203,0
DA:211,0
DA:213,0
DA:215,0
DA:216,0
DA:228,0
DA:230,0
DA:237,0
DA:238,0
DA:239,0
DA:241,0
DA:242,0
DA:246,0
DA:255,0
DA:259,0
DA:266,0
DA:279,0
DA:280,0
DA:281,0
DA:282,0
DA:283,0
DA:289,0
DA:290,0
DA:295,0
DA:297,0
DA:298,0
DA:305,0
DA:306,0
DA:311,0
DA:312,0
DA:314,0
DA:319,0
DA:322,0
DA:326,0
DA:328,0
DA:333,0
DA:336,0
DA:337,0
DA:342,0
DA:345,0
DA:346,0
DA:349,0
DA:353,0
DA:357,0
DA:361,0
DA:362,0
DA:363,0
DA:366,0
DA:367,0
DA:370,0
DA:374,0
DA:375,0
DA:376,0
DA:380,0
DA:381,0
DA:384,0
DA:391,0
DA:392,0
DA:400,0
DA:406,0
DA:407,0
DA:408,0
DA:411,0
DA:412,0
DA:415,0
DA:419,0
LF:150
LH:4
BRDA:10,0,0,0
BRDA:10,0,1,0
BRDA:23,1,0,0
BRDA:23,1,1,0
BRDA:28,2,0,0
BRDA:28,2,1,0
BRDA:65,3,0,0
BRDA:65,3,1,0
BRDA:78,4,0,0
BRDA:78,4,1,0
BRDA:91,5,0,0
BRDA:91,5,1,0
BRDA:91,6,0,0
BRDA:91,6,1,0
BRDA:91,6,2,0
BRDA:112,7,0,0
BRDA:112,7,1,0
BRDA:112,8,0,0
BRDA:112,8,1,0
BRDA:130,9,0,0
BRDA:130,9,1,0
BRDA:144,10,0,0
BRDA:144,10,1,0
BRDA:154,11,0,0
BRDA:154,11,1,0
BRDA:163,12,0,0
BRDA:163,12,1,0
BRDA:172,13,0,0
BRDA:172,13,1,0
BRDA:172,14,0,0
BRDA:172,14,1,0
BRDA:172,14,2,0
BRDA:181,15,0,0
BRDA:181,15,1,0
BRDA:202,16,0,0
BRDA:202,16,1,0
BRDA:238,17,0,0
BRDA:238,17,1,0
BRDA:238,18,0,0
BRDA:238,18,1,0
BRDA:279,19,0,0
BRDA:279,19,1,0
BRDA:280,20,0,0
BRDA:280,20,1,0
BRDA:289,21,0,0
BRDA:289,21,1,0
BRDA:305,22,0,0
BRDA:305,22,1,0
BRDA:311,23,0,0
BRDA:311,23,1,0
BRDA:336,24,0,0
BRDA:336,24,1,0
BRDA:345,25,0,0
BRDA:345,25,1,0
BRDA:360,26,0,0
BRDA:362,27,0,0
BRDA:362,27,1,0
BRDA:366,28,0,0
BRDA:366,28,1,0
BRDA:385,29,0,0
BRDA:385,29,1,0
BRDA:385,29,2,0
BRDA:401,30,0,0
BRDA:401,30,1,0
BRDA:406,31,0,0
BRDA:406,31,1,0
BRDA:407,32,0,0
BRDA:407,32,1,0
BRDA:411,33,0,0
BRDA:411,33,1,0
BRF:70
BRH:0
end_of_record
TN:
SF:/Volumes/Work et al/dev/sabubot/test/fixtures/pull_request.closed
FNF:0
FNH:0
DA:1,2
LF:1
LH:1
BRF:0
BRH:0
end_of_record
